<?xml version="1.0" encoding="UTF-8"?>
<!-- Generated by org.testng.reporters.JUnitReportReporter -->
<testsuite hostname="AbhiAtithi-PC" name="com.qa.testdata.LoginPageTest" tests="3" failures="0" timestamp="21 Jan 2018 09:38:01 GMT" time="74.730" errors="0">
  <testcase name="CRMLogoTest" time="22.866" classname="com.qa.testdata.LoginPageTest"/>
  <testcase name="loginTest" time="34.168" classname="com.qa.testdata.LoginPageTest"/>
  <testcase name="loginPageTitleTest" time="17.696" classname="com.qa.testdata.LoginPageTest"/>
</testsuite> <!-- com.qa.testdata.LoginPageTest -->
